Arguments: 
  C:\Program Files\nodejs\node.exe C:\Program Files (x86)\Yarn\bin\yarn.js install

PATH: 
  C:\Program Files (x86)\PowerShell\7;C:\Python27\;C:\Python27\Scripts;C:\Program Files (x86)\Common Files\Oracle\Java\javapath;C:\Program Files\Common Files\Oracle\Java\javapath;C:\Program Files\Microsoft\jdk-17.0.9.8-hotspot\bin;C:\Windows\system32;C:\Windows;C:\Windows\System32\Wbem;C:\Windows\System32\WindowsPowerShell\v1.0\;C:\Windows\System32\OpenSSH\;C:\Program Files (x86)\NVIDIA Corporation\PhysX\Common;C:\Program Files\NVIDIA Corporation\NVIDIA NvDLISR;C:\WINDOWS\system32;C:\WINDOWS;C:\WINDOWS\System32\Wbem;C:\WINDOWS\System32\WindowsPowerShell\v1.0\;C:\WINDOWS\System32\OpenSSH\;C:\Program Files\dotnet\;C:\Program Files\Git\cmd;C:\ProgramData\ComposerSetup\bin;C:\Users\jorda\AppData\Roaming\nvm;C:\Program Files\nodejs;C:\Program Files\PuTTY\;C:\Program Files (x86)\PowerShell\7\;C:\Program Files (x86)\Yarn\bin\;C:\Program Files\Amazon\AWSCLIV2\;C:\Users\jorda\AppData\Local\Microsoft\WindowsApps;C:\Users\jorda\AppData\Local\Programs\Microsoft VS Code\bin;C:\php;C:\Users\jorda\AppData\Roaming\Composer\vendor\bin;C:\Users\jorda\AppData\Roaming\nvm;C:\Program Files\nodejs;C:\Program Files\Azure Data Studio\bin;C:\ProgramData\chocolatey\bin;C:\Users\jorda\.dotnet\tools;C:\apache-maven-3.8.6\bin;C:\Users\jorda\AppData\Local\Yarn\bin;C:\Users\jorda\AppData\Local\gitkraken\bin

Yarn version: 
  1.22.19

Node version: 
  21.4.0

Platform: 
  win32 x64

Trace: 
  Error: EEXIST: file already exists, mkdir 'C:\Projetos\Multi-Project-Structure\qikorder\node_modules\webpack-dev-server\node_modules'

npm manifest: 
  {
    "name": "qikorder",
    "version": "0.0.1",
    "description": "QikServe Challenge - QikOrder",
    "author": "QikServe",
    "license": "MIT",
    "scripts": {
      "build": "webpack --mode=production",
      "build:prod": "webpack --mode=production --node-env=production",
      "server": "webpack-dev-server"
    },
    "dependencies": {
      "react": "^18.2.0",
      "react-dom": "^18.2.0",
      "react-router-dom": "^6.21.0"
    },
    "devDependencies": {
      "@babel/core": "^7.23.6",
      "@babel/preset-env": "^7.23.6",
      "@babel/preset-react": "^7.23.3",
      "autoprefixer": "^10.4.16",
      "babel-loader": "^9.1.3",
      "browser-sync": "^2.29.3",
      "browser-sync-webpack-plugin": "^2.3.0",
      "copy-webpack-plugin": "^11.0.0",
      "css-loader": "^6.8.1",
      "css-minimizer-webpack-plugin": "^5.0.1",
      "html-webpack-plugin": "^5.5.4",
      "mini-css-extract-plugin": "^2.7.6",
      "node-sass": "^8.0.0",
      "postcss-loader": "^7.3.3",
      "sass-loader": "^13.3.2",
      "style-loader": "^3.3.3",
      "terser-webpack-plugin": "^5.3.9",
      "webpack": "^5.89.0",
      "webpack-cli": "^5.1.4",
      "webpack-dev-server": "^4.15.1",
      "webpack-merge": "^5.10.0"
    }
  }

yarn manifest: 
  No manifest

Lockfile: 
  No lockfile
